<?xml version="1.0" encoding="UTF-8"?>
<!-- Generated by org.testng.reporters.JUnitReportReporter -->
<testsuite hostname="DESKTOP-BAJSTAT" failures="0" tests="3" name="Validation.AddProjectAndValidateInGUI" time="16.419" errors="0" timestamp="2022-09-30T17:42:01 IST" skipped="0">
  <testcase classname="Validation.AddProjectAndValidateInGUI" name="valiDationInGUI" time="14.291"/>
  <system-out/>
  <testcase classname="Validation.AddProjectAndValidateInGUI" name="createProjectAndValidate" time="1.954"/>
  <system-out/>
  <testcase classname="Validation.AddProjectAndValidateInGUI" name="validatiionInDataBase" time="0.174"/>
  <system-out/>
</testsuite> <!-- Validation.AddProjectAndValidateInGUI -->
