<?xml version="1.0" encoding="UTF-8"?>
<!-- Generated by org.testng.reporters.JUnitReportReporter -->
<testsuite hostname="DESKTOP-BAJSTAT" failures="0" tests="1" name="ResponceValidationWithHamcrest.BodyValidationTest" time="1.951" errors="0" timestamp="2022-10-04T11:24:29 IST" skipped="0">
  <testcase classname="ResponceValidationWithHamcrest.BodyValidationTest" name="bodyTest" time="1.951"/>
  <system-out/>
</testsuite> <!-- ResponceValidationWithHamcrest.BodyValidationTest -->
