<?xml version="1.0" encoding="UTF-8"?>
<!-- Generated by org.testng.reporters.JUnitReportReporter -->
<testsuite hostname="DESKTOP-BAJSTAT" failures="0" tests="1" name="SerializationAndDeSerialization.DeserializationOfContact" time="0.201" errors="0" timestamp="2022-09-27T17:25:29 IST" skipped="0">
  <testcase classname="SerializationAndDeSerialization.DeserializationOfContact" name="empDetails" time="0.201"/>
  <system-out/>
</testsuite> <!-- SerializationAndDeSerialization.DeserializationOfContact -->
