<?xml version="1.0" encoding="UTF-8"?>
<!-- Generated by org.testng.reporters.JUnitReportReporter -->
<testsuite hostname="DESKTOP-BAJSTAT" failures="0" tests="1" name="Validation.BodyValidationTest" time="1.263" errors="0" timestamp="2022-10-03T16:53:30 IST" skipped="0">
  <testcase classname="Validation.BodyValidationTest" name="bodyTest" time="1.263"/>
  <system-out/>
</testsuite> <!-- Validation.BodyValidationTest -->
