<?xml version="1.0" encoding="UTF-8"?>
<!-- Generated by org.testng.reporters.JUnitReportReporter -->
<testsuite hostname="DESKTOP-BAJSTAT" failures="0" tests="1" name="DeserializationOfEmpDetails" time="0.198" errors="0" timestamp="2022-09-27T16:51:49 IST" skipped="0">
  <testcase classname="DeserializationOfEmpDetails" name="empDetails" time="0.198"/>
  <system-out/>
</testsuite> <!-- DeserializationOfEmpDetails -->
