<?xml version="1.0" encoding="UTF-8"?>
<!-- Generated by org.testng.reporters.JUnitReportReporter -->
<testsuite hostname="DESKTOP-BAJSTAT" failures="0" tests="1" name="ApiTestCasesWithCrud.GetTestCasessTest" time="1.327" errors="0" timestamp="2022-09-29T17:09:32 IST" skipped="0">
  <testcase classname="ApiTestCasesWithCrud.GetTestCasessTest" name="getProjectsTest" time="1.327"/>
  <system-out/>
</testsuite> <!-- ApiTestCasesWithCrud.GetTestCasessTest -->
