<?xml version="1.0" encoding="UTF-8"?>
<!-- Generated by org.testng.reporters.JUnitReportReporter -->
<testsuite hostname="DESKTOP-BAJSTAT" failures="0" tests="1" name="differentWayToPost.AddProjectUsingPojoClassTest" time="0.128" errors="0" timestamp="2022-09-30T13:03:11 IST" skipped="0">
  <testcase classname="differentWayToPost.AddProjectUsingPojoClassTest" name="addProjectTest" time="0.128"/>
  <system-out/>
</testsuite> <!-- differentWayToPost.AddProjectUsingPojoClassTest -->
