<?xml version="1.0" encoding="UTF-8"?>
<!-- Generated by org.testng.reporters.JUnitReportReporter -->
<testsuite hostname="DESKTOP-BAJSTAT" failures="0" tests="1" name="CurdWithBDD.GetProjectTest" time="1.489" errors="0" timestamp="2022-09-29T11:45:01 IST" skipped="0">
  <testcase classname="CurdWithBDD.GetProjectTest" name="getTest" time="1.489"/>
  <system-out/>
</testsuite> <!-- CurdWithBDD.GetProjectTest -->
