<?xml version="1.0" encoding="UTF-8"?>
<!-- Generated by org.testng.reporters.JUnitReportReporter -->
<testsuite hostname="DESKTOP-BAJSTAT" failures="0" tests="1" name="Authentication.BasicauthenticationTest" time="1.839" errors="0" timestamp="2022-10-07T15:26:55 IST" skipped="0">
  <testcase classname="Authentication.BasicauthenticationTest" name="basicauthTest" time="1.839"/>
  <system-out/>
</testsuite> <!-- Authentication.BasicauthenticationTest -->
