<?xml version="1.0" encoding="UTF-8"?>
<!-- Generated by org.testng.reporters.JUnitReportReporter -->
<testsuite hostname="DESKTOP-BAJSTAT" failures="0" tests="1" name="EndToEndcsenariosUsingUtility.UpdateInRestDeleteInDatabaseChecInGuiTest" time="7.952" errors="0" timestamp="2022-10-11T12:15:05 IST" skipped="0">
  <testcase classname="EndToEndcsenariosUsingUtility.UpdateInRestDeleteInDatabaseChecInGuiTest" name="validationTest" time="7.952"/>
  <system-out/>
</testsuite> <!-- EndToEndcsenariosUsingUtility.UpdateInRestDeleteInDatabaseChecInGuiTest -->
