<?xml version="1.0" encoding="UTF-8"?>
<!-- Generated by org.testng.reporters.JUnitReportReporter -->
<testsuite hostname="DESKTOP-BAJSTAT" failures="0" tests="1" name="EndToEndcsenariosUsingUtility.GetInRestUpdateInGuiValidateInDBTest" time="12.501" errors="0" timestamp="2022-10-11T14:02:49 IST" skipped="0">
  <testcase classname="EndToEndcsenariosUsingUtility.GetInRestUpdateInGuiValidateInDBTest" name="validationTest" time="12.501"/>
  <system-out/>
</testsuite> <!-- EndToEndcsenariosUsingUtility.GetInRestUpdateInGuiValidateInDBTest -->
