<?xml version="1.0" encoding="UTF-8"?>
<!-- Generated by org.testng.reporters.JUnitReportReporter -->
<testsuite hostname="DESKTOP-BAJSTAT" failures="0" tests="1" name="EndToEndcsenariosUsingUtility.InsertInDbDeleteInRestValidateIbGuiTest" time="27.519" errors="0" timestamp="2022-10-11T14:43:30 IST" skipped="0">
  <testcase classname="EndToEndcsenariosUsingUtility.InsertInDbDeleteInRestValidateIbGuiTest" name="validationTest" time="27.519"/>
  <system-out/>
</testsuite> <!-- EndToEndcsenariosUsingUtility.InsertInDbDeleteInRestValidateIbGuiTest -->
