<?xml version="1.0" encoding="UTF-8"?>
<!-- Generated by org.testng.reporters.JUnitReportReporter -->
<testsuite hostname="DESKTOP-BAJSTAT" failures="0" tests="1" name="SerializationAndDeSerialization.SerializatinContact" time="0.178" errors="0" timestamp="2022-09-27T16:24:53 IST" skipped="0">
  <testcase classname="SerializationAndDeSerialization.SerializatinContact" name="sc" time="0.178"/>
  <system-out/>
</testsuite> <!-- SerializationAndDeSerialization.SerializatinContact -->
