<?xml version="1.0" encoding="UTF-8"?>
<!-- Generated by org.testng.reporters.JUnitReportReporter -->
<testsuite hostname="DESKTOP-BAJSTAT" failures="0" tests="3" name="Validation.AddInWebDltInRestChechInDB" time="14.066" errors="0" timestamp="2022-09-30T17:30:40 IST" skipped="0">
  <testcase classname="Validation.AddInWebDltInRestChechInDB" name="createInGUI" time="12.718"/>
  <system-out/>
  <testcase classname="Validation.AddInWebDltInRestChechInDB" name="deleteInRest" time="1.124"/>
  <system-out/>
  <testcase classname="Validation.AddInWebDltInRestChechInDB" name="validatiionInDataBase" time="0.224"/>
  <system-out/>
</testsuite> <!-- Validation.AddInWebDltInRestChechInDB -->
