<?xml version="1.0" encoding="UTF-8"?>
<!-- Generated by org.testng.reporters.JUnitReportReporter -->
<testsuite hostname="DESKTOP-BAJSTAT" failures="0" tests="1" name="ApiTestCasesWithCrud.UpdateTestCasessTest" time="1.879" errors="0" timestamp="2022-09-29T17:04:11 IST" skipped="0">
  <testcase classname="ApiTestCasesWithCrud.UpdateTestCasessTest" name="updateProjectTest" time="1.879"/>
  <system-out/>
</testsuite> <!-- ApiTestCasesWithCrud.UpdateTestCasessTest -->
