<?xml version="1.0" encoding="UTF-8"?>
<!-- Generated by org.testng.reporters.JUnitReportReporter -->
<testsuite hostname="DESKTOP-BAJSTAT" failures="0" tests="1" name="differentWayToPost.AddProjectUsingHashMapTest" time="2.273" errors="0" timestamp="2022-09-30T15:00:03 IST" skipped="0">
  <testcase classname="differentWayToPost.AddProjectUsingHashMapTest" name="addProjectTest" time="2.273"/>
  <system-out/>
</testsuite> <!-- differentWayToPost.AddProjectUsingHashMapTest -->
