<?xml version="1.0" encoding="UTF-8"?>
<!-- Generated by org.testng.reporters.JUnitReportReporter -->
<testsuite hostname="DESKTOP-BAJSTAT" failures="0" tests="1" name="SerializationAndDeSerialization.SerializationWithObject" time="0.179" errors="0" timestamp="2022-09-27T14:36:01 IST" skipped="0">
  <testcase classname="SerializationAndDeSerialization.SerializationWithObject" name="serilization" time="0.179"/>
  <system-out/>
</testsuite> <!-- SerializationAndDeSerialization.SerializationWithObject -->
