<?xml version="1.0" encoding="UTF-8"?>
<!-- Generated by org.testng.reporters.JUnitReportReporter -->
<testsuite hostname="DESKTOP-BAJSTAT" failures="0" tests="1" name="Parameter.ParameterWithGitTest" time="2.922" errors="0" timestamp="2022-10-06T12:32:11 IST" skipped="0">
  <testcase classname="Parameter.ParameterWithGitTest" name="qeryParameterTest" time="2.922"/>
  <system-out/>
</testsuite> <!-- Parameter.ParameterWithGitTest -->
