<?xml version="1.0" encoding="UTF-8"?>
<!-- Generated by org.testng.reporters.JUnitReportReporter -->
<testsuite hostname="DESKTOP-BAJSTAT" failures="0" tests="1" name="Parameter.PostAndDelete" time="2.866" errors="0" timestamp="2022-10-06T12:53:33 IST" skipped="0">
  <testcase classname="Parameter.PostAndDelete" name="requestChaining" time="2.866"/>
  <system-out/>
</testsuite> <!-- Parameter.PostAndDelete -->
