<?xml version="1.0" encoding="UTF-8"?>
<!-- Generated by org.testng.reporters.JUnitReportReporter -->
<testsuite hostname="DESKTOP-BAJSTAT" failures="0" tests="1" name="ResponseValidation.BodyValidationTest" time="1.637" errors="0" timestamp="2022-10-03T17:58:09 IST" skipped="0">
  <testcase classname="ResponseValidation.BodyValidationTest" name="bodyTest" time="1.637"/>
  <system-out/>
</testsuite> <!-- ResponseValidation.BodyValidationTest -->
