<?xml version="1.0" encoding="UTF-8"?>
<!-- Generated by org.testng.reporters.JUnitReportReporter -->
<testsuite hostname="DESKTOP-BAJSTAT" failures="0" tests="1" name="RequestChaining.GetAndDeleteTest" time="4.168" errors="0" timestamp="2022-10-06T13:16:42 IST" skipped="0">
  <testcase classname="RequestChaining.GetAndDeleteTest" name="deleteTest" time="4.168"/>
  <system-out/>
</testsuite> <!-- RequestChaining.GetAndDeleteTest -->
