<?xml version="1.0" encoding="UTF-8"?>
<!-- Generated by org.testng.reporters.JUnitReportReporter -->
<testsuite hostname="DESKTOP-BAJSTAT" failures="0" tests="1" name="SerializationAndDeSerialization.SerializationOfEmployeeDetails" time="0.259" errors="0" timestamp="2022-09-27T11:41:04 IST" skipped="0">
  <testcase classname="SerializationAndDeSerialization.SerializationOfEmployeeDetails" name="serialization" time="0.259"/>
  <system-out/>
</testsuite> <!-- SerializationAndDeSerialization.SerializationOfEmployeeDetails -->
