<?xml version="1.0" encoding="UTF-8"?>
<!-- Generated by org.testng.reporters.JUnitReportReporter -->
<testsuite hostname="DESKTOP-BAJSTAT" failures="0" tests="1" name="differentWayToPost.AddProjectUsingJsonFile" time="1.271" errors="0" timestamp="2022-09-30T14:58:53 IST" skipped="0">
  <testcase classname="differentWayToPost.AddProjectUsingJsonFile" name="addProjectTest" time="1.271"/>
  <system-out/>
</testsuite> <!-- differentWayToPost.AddProjectUsingJsonFile -->
