<?xml version="1.0" encoding="UTF-8"?>
<!-- Generated by org.testng.reporters.JUnitReportReporter -->
<testsuite hostname="DESKTOP-BAJSTAT" failures="0" tests="1" name="SerializationAndDeSerialization.SerializationEmpDetialsWithArray" time="0.187" errors="0" timestamp="2022-09-27T14:34:55 IST" skipped="0">
  <testcase classname="SerializationAndDeSerialization.SerializationEmpDetialsWithArray" name="serialization" time="0.187"/>
  <system-out/>
</testsuite> <!-- SerializationAndDeSerialization.SerializationEmpDetialsWithArray -->
