<?xml version="1.0" encoding="UTF-8"?>
<!-- Generated by org.testng.reporters.JUnitReportReporter -->
<testsuite hostname="DESKTOP-BAJSTAT" failures="0" tests="2" name="DDT.AddProjectWithOutMAndotoryFieldTest" time="1.947" errors="0" timestamp="2022-10-03T13:22:58 IST" skipped="0">
  <testcase classname="DDT.AddProjectWithOutMAndotoryFieldTest" name="AddProjectTest" time="0.058"/>
  <system-out/>
  <testcase classname="DDT.AddProjectWithOutMAndotoryFieldTest" name="AddProjectTest" time="1.889"/>
  <system-out/>
</testsuite> <!-- DDT.AddProjectWithOutMAndotoryFieldTest -->
