<?xml version="1.0" encoding="UTF-8"?>
<!-- Generated by org.testng.reporters.JUnitReportReporter -->
<testsuite hostname="DESKTOP-BAJSTAT" failures="0" tests="1" name="Validation.StatusLineValidation" time="1.671" errors="0" timestamp="2022-10-03T16:42:02 IST" skipped="0">
  <testcase classname="Validation.StatusLineValidation" name="statusLine" time="1.671"/>
  <system-out/>
</testsuite> <!-- Validation.StatusLineValidation -->
