<?xml version="1.0" encoding="UTF-8"?>
<!-- Generated by org.testng.reporters.JUnitReportReporter -->
<testsuite hostname="DESKTOP-BAJSTAT" failures="0" tests="1" name="RequestChaining.PostAndDelete" time="2.756" errors="0" timestamp="2022-10-06T12:58:08 IST" skipped="0">
  <testcase classname="RequestChaining.PostAndDelete" name="requestChaining" time="2.756"/>
  <system-out/>
</testsuite> <!-- RequestChaining.PostAndDelete -->
