<?xml version="1.0" encoding="UTF-8"?>
<!-- Generated by org.testng.reporters.JUnitReportReporter -->
<testsuite hostname="DESKTOP-BAJSTAT" failures="0" tests="1" name="CurdWithoutBDD.UpdateProject" time="2.086" errors="0" timestamp="2022-09-28T12:51:39 IST" skipped="0">
  <testcase classname="CurdWithoutBDD.UpdateProject" name="update" time="2.086"/>
  <system-out/>
</testsuite> <!-- CurdWithoutBDD.UpdateProject -->
