<?xml version="1.0" encoding="UTF-8"?>
<!-- Generated by org.testng.reporters.JUnitReportReporter -->
<testsuite hostname="DESKTOP-BAJSTAT" failures="0" tests="1" name="EndToEndcsenariosUsingUtility.AddInDBDeleteInGUIValidateInRestTest" time="12.618" errors="0" timestamp="2022-10-11T15:23:45 IST" skipped="0">
  <testcase classname="EndToEndcsenariosUsingUtility.AddInDBDeleteInGUIValidateInRestTest" name="validationTest" time="12.618"/>
  <system-out/>
</testsuite> <!-- EndToEndcsenariosUsingUtility.AddInDBDeleteInGUIValidateInRestTest -->
