<?xml version="1.0" encoding="UTF-8"?>
<!-- Generated by org.testng.reporters.JUnitReportReporter -->
<testsuite hostname="DESKTOP-BAJSTAT" failures="0" tests="1" name="Authentication.Auth2Test" time="4.529" errors="0" timestamp="2022-10-07T16:18:03 IST" skipped="0">
  <testcase classname="Authentication.Auth2Test" name="authTest" time="4.529"/>
  <system-out/>
</testsuite> <!-- Authentication.Auth2Test -->
