<?xml version="1.0" encoding="UTF-8"?>
<!-- Generated by org.testng.reporters.JUnitReportReporter -->
<testsuite hostname="DESKTOP-BAJSTAT" failures="0" tests="2" name="ApiTestCasesWithCrud.PostTestCaseesTest" time="0.155" errors="0" timestamp="2022-09-29T17:04:11 IST" skipped="0">
  <testcase classname="ApiTestCasesWithCrud.PostTestCaseesTest" name="addProjectTest" time="0.053"/>
  <system-out/>
  <testcase classname="ApiTestCasesWithCrud.PostTestCaseesTest" name="addProjectContentTypeTest" time="0.102"/>
  <system-out/>
</testsuite> <!-- ApiTestCasesWithCrud.PostTestCaseesTest -->
