<?xml version="1.0" encoding="UTF-8"?>
<!-- Generated by org.testng.reporters.JUnitReportReporter -->
<testsuite hostname="DESKTOP-BAJSTAT" failures="0" tests="1" name="CurdWithoutBDD.AddProjectest" time="2.107" errors="0" timestamp="2022-09-28T12:37:50 IST" skipped="0">
  <testcase classname="CurdWithoutBDD.AddProjectest" name="createProject" time="2.107"/>
  <system-out/>
</testsuite> <!-- CurdWithoutBDD.AddProjectest -->
