<?xml version="1.0" encoding="UTF-8"?>
<!-- Generated by org.testng.reporters.JUnitReportReporter -->
<testsuite hostname="DESKTOP-BAJSTAT" failures="0" tests="1" name="RequestChaining.PostAndUpdateTest" time="2.540" errors="0" timestamp="2022-10-06T15:25:00 IST" skipped="0">
  <testcase classname="RequestChaining.PostAndUpdateTest" name="updateTest" time="2.540"/>
  <system-out/>
</testsuite> <!-- RequestChaining.PostAndUpdateTest -->
