<?xml version="1.0" encoding="UTF-8"?>
<!-- Generated by org.testng.reporters.JUnitReportReporter -->
<testsuite hostname="DESKTOP-BAJSTAT" failures="0" tests="1" name="ResponseValidation.StaticValidation" time="2.549" errors="0" timestamp="2022-10-03T15:51:31 IST" skipped="0">
  <testcase classname="ResponseValidation.StaticValidation" name="validation" time="2.549"/>
  <system-out/>
</testsuite> <!-- ResponseValidation.StaticValidation -->
