<?xml version="1.0" encoding="UTF-8"?>
<!-- Generated by org.testng.reporters.JUnitReportReporter -->
<testsuite hostname="DESKTOP-BAJSTAT" failures="0" tests="1" name="CurdWithoutBDD.PartialUpdate" time="1.665" errors="0" timestamp="2022-09-28T13:06:24 IST" skipped="0">
  <testcase classname="CurdWithoutBDD.PartialUpdate" name="patch" time="1.665"/>
  <system-out/>
</testsuite> <!-- CurdWithoutBDD.PartialUpdate -->
