<?xml version="1.0" encoding="UTF-8"?>
<!-- Generated by org.testng.reporters.JUnitReportReporter -->
<testsuite hostname="DESKTOP-BAJSTAT" failures="0" tests="1" name="CurdWithoutBDD.GetProject" time="1.533" errors="0" timestamp="2022-09-28T16:33:45 IST" skipped="0">
  <testcase classname="CurdWithoutBDD.GetProject" name="project" time="1.533"/>
  <system-out/>
</testsuite> <!-- CurdWithoutBDD.GetProject -->
