<?xml version="1.0" encoding="UTF-8"?>
<!-- Generated by org.testng.reporters.JUnitReportReporter -->
<testsuite hostname="DESKTOP-BAJSTAT" failures="0" tests="1" name="ResponseValidation.DynamicValidation" time="2.504" errors="0" timestamp="2022-10-03T16:04:13 IST" skipped="0">
  <testcase classname="ResponseValidation.DynamicValidation" name="dynamic" time="2.504"/>
  <system-out/>
</testsuite> <!-- ResponseValidation.DynamicValidation -->
