<?xml version="1.0" encoding="UTF-8"?>
<!-- Generated by org.testng.reporters.JUnitReportReporter -->
<testsuite hostname="DESKTOP-BAJSTAT" failures="0" tests="1" name="SerializationAndDeSerialization.DeserializationEmpDetailsObject" time="0.204" errors="0" timestamp="2022-09-27T17:12:09 IST" skipped="0">
  <testcase classname="SerializationAndDeSerialization.DeserializationEmpDetailsObject" name="empDetails" time="0.204"/>
  <system-out/>
</testsuite> <!-- SerializationAndDeSerialization.DeserializationEmpDetailsObject -->
