<?xml version="1.0" encoding="UTF-8"?>
<!-- Generated by org.testng.reporters.JUnitReportReporter -->
<testsuite hostname="DESKTOP-BAJSTAT" failures="0" tests="1" name="ResponseValidation.HeaderValidationTest" time="1.698" errors="0" timestamp="2022-10-03T17:24:52 IST" skipped="0">
  <testcase classname="ResponseValidation.HeaderValidationTest" name="header" time="1.698"/>
  <system-out/>
</testsuite> <!-- ResponseValidation.HeaderValidationTest -->
