<?xml version="1.0" encoding="UTF-8"?>
<!-- Generated by org.testng.reporters.JUnitReportReporter -->
<testsuite hostname="DESKTOP-BAJSTAT" failures="0" tests="4" name="DDT.AddprojectUsingDataProvider" time="3.077" errors="0" timestamp="2022-10-03T12:29:36 IST" skipped="0">
  <testcase classname="DDT.AddprojectUsingDataProvider" name="addProjectTest" time="0.126"/>
  <system-out/>
  <testcase classname="DDT.AddprojectUsingDataProvider" name="addProjectTest" time="0.099"/>
  <system-out/>
  <testcase classname="DDT.AddprojectUsingDataProvider" name="addProjectTest" time="0.068"/>
  <system-out/>
  <testcase classname="DDT.AddprojectUsingDataProvider" name="addProjectTest" time="2.784"/>
  <system-out/>
</testsuite> <!-- DDT.AddprojectUsingDataProvider -->
