<?xml version="1.0" encoding="UTF-8"?>
<!-- Generated by org.testng.reporters.JUnitReportReporter -->
<testsuite hostname="DESKTOP-BAJSTAT" failures="0" tests="1" name="CurdWithBDD.AddProjectTest" time="1.784" errors="0" timestamp="2022-09-29T11:35:16 IST" skipped="0">
  <testcase classname="CurdWithBDD.AddProjectTest" name="createaprojectTest" time="1.784"/>
  <system-out/>
</testsuite> <!-- CurdWithBDD.AddProjectTest -->
