<?xml version="1.0" encoding="UTF-8"?>
<!-- Generated by org.testng.reporters.JUnitReportReporter -->
<testsuite hostname="DESKTOP-BAJSTAT" failures="0" tests="2" name="ApiTestCasesWithCrud.PostTestCaseesTest" time="2.331" errors="0" timestamp="2022-10-04T11:07:40 IST" skipped="1">
  <testcase classname="ApiTestCasesWithCrud.PostTestCaseesTest" name="addProjectStatusCodeTest" time="2.331"/>
  <system-out/>
  <testcase classname="ApiTestCasesWithCrud.PostTestCaseesTest" name="addProjectContentTypeTest">
    <skipped/>
  </testcase> <!-- addProjectContentTypeTest -->
  <system-out/>
</testsuite> <!-- ApiTestCasesWithCrud.PostTestCaseesTest -->
