<?xml version="1.0" encoding="UTF-8"?>
<!-- Generated by org.testng.reporters.JUnitReportReporter -->
<testsuite hostname="DESKTOP-BAJSTAT" failures="0" tests="1" name="SerializationAndDeSerialization.DeSerializationEmpDetailsWithArray" time="0.186" errors="0" timestamp="2022-09-27T17:56:44 IST" skipped="0">
  <testcase classname="SerializationAndDeSerialization.DeSerializationEmpDetailsWithArray" name="empDetails" time="0.186"/>
  <system-out/>
</testsuite> <!-- SerializationAndDeSerialization.DeSerializationEmpDetailsWithArray -->
