<?xml version="1.0" encoding="UTF-8"?>
<!-- Generated by org.testng.reporters.JUnitReportReporter -->
<testsuite hostname="DESKTOP-BAJSTAT" failures="0" tests="1" name="EndToEndcsenariosUsingUtility.AddInGuiDeleteInRestVAlidateInDB" time="11.274" errors="0" timestamp="2022-10-11T11:25:34 IST" skipped="0">
  <testcase classname="EndToEndcsenariosUsingUtility.AddInGuiDeleteInRestVAlidateInDB" name="validationTest" time="11.274"/>
  <system-out/>
</testsuite> <!-- EndToEndcsenariosUsingUtility.AddInGuiDeleteInRestVAlidateInDB -->
