<?xml version="1.0" encoding="UTF-8"?>
<!-- Generated by org.testng.reporters.JUnitReportReporter -->
<testsuite hostname="DESKTOP-BAJSTAT" failures="0" tests="1" name="CurdWithoutBDD.DeleteProject" time="1.694" errors="0" timestamp="2022-09-28T12:56:19 IST" skipped="0">
  <testcase classname="CurdWithoutBDD.DeleteProject" name="delete" time="1.694"/>
  <system-out/>
</testsuite> <!-- CurdWithoutBDD.DeleteProject -->
