<?xml version="1.0" encoding="UTF-8"?>
<!-- Generated by org.testng.reporters.JUnitReportReporter -->
<testsuite hostname="DESKTOP-BAJSTAT" failures="0" tests="3" name="AssignmentOnReqRes.AddProjectAndValidateInGUI" time="12.865" errors="0" timestamp="2022-09-30T16:45:07 IST" skipped="0">
  <testcase classname="AssignmentOnReqRes.AddProjectAndValidateInGUI" name="valiDationInGUI" time="10.722"/>
  <system-out/>
  <testcase classname="AssignmentOnReqRes.AddProjectAndValidateInGUI" name="createProjectAndValidate" time="1.931"/>
  <system-out/>
  <testcase classname="AssignmentOnReqRes.AddProjectAndValidateInGUI" name="validatiionInDataBase" time="0.212"/>
  <system-out/>
</testsuite> <!-- AssignmentOnReqRes.AddProjectAndValidateInGUI -->
