<?xml version="1.0" encoding="UTF-8"?>
<!-- Generated by org.testng.reporters.JUnitReportReporter -->
<testsuite hostname="DESKTOP-BAJSTAT" failures="0" tests="1" name="CurdWithBDD.GetProjectTest" time="2.055" errors="0" timestamp="2022-10-11T14:11:43 IST" skipped="0">
  <testcase classname="CurdWithBDD.GetProjectTest" name="getTest" time="2.055"/>
  <system-out/>
</testsuite> <!-- CurdWithBDD.GetProjectTest -->
