<?xml version="1.0" encoding="UTF-8"?>
<!-- Generated by org.testng.reporters.JUnitReportReporter -->
<testsuite hostname="DESKTOP-BAJSTAT" failures="0" tests="1" name="CurdWithBDD.DeleteProjectTest" time="1.590" errors="0" timestamp="2022-09-29T12:18:24 IST" skipped="0">
  <testcase classname="CurdWithBDD.DeleteProjectTest" name="deleteTest" time="1.590"/>
  <system-out/>
</testsuite> <!-- CurdWithBDD.DeleteProjectTest -->
