<?xml version="1.0" encoding="UTF-8"?>
<!-- Generated by org.testng.reporters.JUnitReportReporter -->
<testsuite hostname="DESKTOP-BAJSTAT" failures="0" tests="1" name="Authentication.BarierTokenTest" time="3.623" errors="0" timestamp="2022-10-07T15:35:44 IST" skipped="0">
  <testcase classname="Authentication.BarierTokenTest" name="tokenTest" time="3.623"/>
  <system-out/>
</testsuite> <!-- Authentication.BarierTokenTest -->
